[INFO] Scanning for projects...
[INFO] 
[INFO] --------------------< com.ecommerce:eureka-server >---------------------
[INFO] Building  0.0.1-SNAPSHOT
[INFO]   from pom.xml
[INFO] --------------------------------[ jar ]---------------------------------
[INFO] 
[INFO] >>> spring-boot:4.0.5:run (default-cli) > test-compile @ eureka-server >>>
[INFO] 
[INFO] --- resources:3.3.1:resources (default-resources) @ eureka-server ---
[INFO] Copying 1 resource from src\main\resources to target\classes
[INFO] Copying 0 resource from src\main\resources to target\classes
[INFO] 
[INFO] --- compiler:3.14.1:compile (default-compile) @ eureka-server ---
[INFO] Nothing to compile - all classes are up to date.
[INFO] 
[INFO] --- resources:3.3.1:testResources (default-testResources) @ eureka-server ---
[INFO] skip non existing resourceDirectory C:\Users\sofya\Desktop\eureka-server\eureka-server\src\test\resources
[INFO] 
[INFO] --- compiler:3.14.1:testCompile (default-testCompile) @ eureka-server ---
[INFO] Nothing to compile - all classes are up to date.
[INFO] 
[INFO] <<< spring-boot:4.0.5:run (default-cli) < test-compile @ eureka-server <<<
[INFO] 
[INFO] 
[INFO] --- spring-boot:4.0.5:run (default-cli) @ eureka-server ---
[INFO] Attaching agents: []

  .   ____          _            __ _ _
 /\\ / ___'_ __ _ _(_)_ __  __ _ \ \ \ \
( ( )\___ | '_ | '_| | '_ \/ _` | \ \ \ \
 \\/  ___)| |_)| | | | | || (_| |  ) ) ) )
  '  |____| .__|_| |_|_| |_\__, | / / / /
 =========|_|==============|___/=/_/_/_/

 :: Spring Boot ::                (v4.0.5)

2026-03-28T10:47:26.341+01:00  INFO 20688 --- [eureka-server] [           main] c.e.e.EurekaServerApplication            : Starting EurekaServerApplication using Java 25.0.1 with PID 20688 (C:\Users\sofya\Desktop\eureka-server\eureka-server\target\classes started by sofya in C:\Users\sofya\Desktop\eureka-server\eureka-server)
2026-03-28T10:47:26.344+01:00  INFO 20688 --- [eureka-server] [           main] c.e.e.EurekaServerApplication            : No active profile set, falling back to 1 default profile: "default"
2026-03-28T10:47:27.328+01:00  INFO 20688 --- [eureka-server] [           main] o.s.cloud.context.scope.GenericScope     : BeanFactory id=47bdc279-96a3-3147-b5b7-5291dfa67538
2026-03-28T10:47:27.573+01:00  INFO 20688 --- [eureka-server] [           main] o.s.boot.tomcat.TomcatWebServer          : Tomcat initialized with port 8762 (http)
2026-03-28T10:47:27.590+01:00  INFO 20688 --- [eureka-server] [           main] o.apache.catalina.core.StandardService   : Starting service [Tomcat]
2026-03-28T10:47:27.591+01:00  INFO 20688 --- [eureka-server] [           main] o.apache.catalina.core.StandardEngine    : Starting Servlet engine: [Apache Tomcat/11.0.20]
2026-03-28T10:47:27.694+01:00  INFO 20688 --- [eureka-server] [           main] b.w.c.s.WebApplicationContextInitializer : Root WebApplicationContext: initialization completed in 1299 ms
2026-03-28T10:47:28.881+01:00  INFO 20688 --- [eureka-server] [           main] c.n.d.provider.DiscoveryJerseyProvider   : Using JSON encoding codec LegacyJacksonJson
2026-03-28T10:47:28.892+01:00  INFO 20688 --- [eureka-server] [           main] c.n.d.provider.DiscoveryJerseyProvider   : Using JSON decoding codec LegacyJacksonJson
WARNING: A terminally deprecated method in sun.misc.Unsafe has been called
WARNING: sun.misc.Unsafe::objectFieldOffset has been called by com.thoughtworks.xstream.converters.reflection.SunUnsafeReflectionProvider (file:/C:/Users/sofya/.m2/repository/com/thoughtworks/xstream/xstream/1.4.21/xstream-1.4.21.jar)
WARNING: Please consider reporting this to the maintainers of class com.thoughtworks.xstream.converters.reflection.SunUnsafeReflectionProvider
WARNING: sun.misc.Unsafe::objectFieldOffset will be removed in a future release
2026-03-28T10:47:29.276+01:00  INFO 20688 --- [eureka-server] [           main] c.n.d.provider.DiscoveryJerseyProvider   : Using XML encoding codec XStreamXml
2026-03-28T10:47:29.288+01:00  INFO 20688 --- [eureka-server] [           main] c.n.d.provider.DiscoveryJerseyProvider   : Using XML decoding codec XStreamXml
2026-03-28T10:47:29.493+01:00  INFO 20688 --- [eureka-server] [           main] o.s.v.b.OptionalValidatorFactoryBean     : Failed to set up a Bean Validation provider: jakarta.validation.NoProviderFoundException: Unable to create a Configuration, because no Jakarta Validation provider could be found. Add a provider like Hibernate Validator (RI) to your classpath.
2026-03-28T10:47:30.366+01:00  WARN 20688 --- [eureka-server] [           main] iguration$LoadBalancerCaffeineWarnLogger : Spring Cloud LoadBalancer is currently working with the default cache. While this cache implementation is useful for development and tests, it's recommended to use Caffeine cache in production.You can switch to using Caffeine cache, by adding it and org.springframework.cache.caffeine.CaffeineCacheManager to the classpath.
2026-03-28T10:47:30.404+01:00  INFO 20688 --- [eureka-server] [           main] o.s.c.n.eureka.InstanceInfoFactory       : Setting initial instance status as: STARTING
2026-03-28T10:47:30.430+01:00  INFO 20688 --- [eureka-server] [           main] com.netflix.discovery.DiscoveryClient    : Initializing Eureka in region us-east-1
2026-03-28T10:47:30.430+01:00  INFO 20688 --- [eureka-server] [           main] com.netflix.discovery.DiscoveryClient    : Client configured to neither register nor query for data.
2026-03-28T10:47:30.433+01:00  INFO 20688 --- [eureka-server] [           main] com.netflix.discovery.DiscoveryClient    : Discovery Client initialized at timestamp 1774691250432 with initial instances count: 0
2026-03-28T10:47:30.510+01:00  INFO 20688 --- [eureka-server] [           main] c.n.eureka.DefaultEurekaServerContext    : Initializing ...
2026-03-28T10:47:30.515+01:00  INFO 20688 --- [eureka-server] [           main] c.n.eureka.cluster.PeerEurekaNodes       : Adding new peer nodes [http://localhost:8761/eureka/]
2026-03-28T10:47:30.689+01:00  INFO 20688 --- [eureka-server] [           main] c.n.d.provider.DiscoveryJerseyProvider   : Using JSON encoding codec LegacyJacksonJson
2026-03-28T10:47:30.700+01:00  INFO 20688 --- [eureka-server] [           main] c.n.d.provider.DiscoveryJerseyProvider   : Using JSON decoding codec LegacyJacksonJson
2026-03-28T10:47:30.701+01:00  INFO 20688 --- [eureka-server] [           main] c.n.d.provider.DiscoveryJerseyProvider   : Using XML encoding codec XStreamXml
2026-03-28T10:47:30.701+01:00  INFO 20688 --- [eureka-server] [           main] c.n.d.provider.DiscoveryJerseyProvider   : Using XML decoding codec XStreamXml
2026-03-28T10:47:30.773+01:00  INFO 20688 --- [eureka-server] [           main] c.n.eureka.cluster.PeerEurekaNodes       : Replica node URL:  http://localhost:8761/eureka/
2026-03-28T10:47:30.785+01:00  INFO 20688 --- [eureka-server] [           main] c.n.e.registry.AbstractInstanceRegistry  : Finished initializing remote region registries. All known remote regions: []
2026-03-28T10:47:30.786+01:00  INFO 20688 --- [eureka-server] [           main] c.n.eureka.DefaultEurekaServerContext    : Initialized
2026-03-28T10:47:30.803+01:00  INFO 20688 --- [eureka-server] [           main] o.s.b.a.e.web.EndpointLinksResolver      : Exposing 1 endpoint beneath base path '/actuator'
2026-03-28T10:47:30.871+01:00  INFO 20688 --- [eureka-server] [           main] o.s.c.n.e.s.EurekaServiceRegistry        : Registering application EUREKA-SERVER with eureka with status UP
2026-03-28T10:47:30.884+01:00  INFO 20688 --- [eureka-server] [       Thread-9] o.s.c.n.e.server.EurekaServerBootstrap   : isAws returned false
2026-03-28T10:47:30.886+01:00  INFO 20688 --- [eureka-server] [       Thread-9] o.s.c.n.e.server.EurekaServerBootstrap   : Initialized server context
2026-03-28T10:47:30.886+01:00  INFO 20688 --- [eureka-server] [       Thread-9] c.n.e.r.PeerAwareInstanceRegistryImpl    : Got 1 instances from neighboring DS node
2026-03-28T10:47:30.886+01:00  INFO 20688 --- [eureka-server] [       Thread-9] c.n.e.r.PeerAwareInstanceRegistryImpl    : Renew threshold is: 1
2026-03-28T10:47:30.887+01:00  INFO 20688 --- [eureka-server] [       Thread-9] c.n.e.r.PeerAwareInstanceRegistryImpl    : Changing status to UP
2026-03-28T10:47:30.890+01:00  INFO 20688 --- [eureka-server] [       Thread-9] e.s.EurekaServerInitializerConfiguration : Started Eureka Server
2026-03-28T10:47:30.901+01:00  INFO 20688 --- [eureka-server] [           main] o.s.boot.tomcat.TomcatWebServer          : Tomcat started on port 8762 (http) with context path '/'
2026-03-28T10:47:30.902+01:00  INFO 20688 --- [eureka-server] [           main] .s.c.n.e.s.EurekaAutoServiceRegistration : Updating port to 8762
2026-03-28T10:47:30.926+01:00  INFO 20688 --- [eureka-server] [           main] c.e.e.EurekaServerApplication            : Started EurekaServerApplication in 4.996 seconds (process running for 5.648)
2026-03-28T10:48:30.889+01:00  INFO 20688 --- [eureka-server] [a-EvictionTimer] c.n.e.registry.AbstractInstanceRegistry  : Running the evict task with compensationTime 0ms
